<?xml version="1.0" encoding="UTF-8"?>
<!-- Generated by org.testng.reporters.JUnitReportReporter -->
<testsuite hostname="LIN65001029" failures="0" tests="6" name="parallel.TestRunnerParallelExecutionTestNG" time="207.946" errors="0" timestamp="27 Dec 2020 10:51:15 GMT" skipped="0">
  <testcase classname="parallel.TestRunnerParallelExecutionTestNG" name="runScenario" time="24.421"/>
  <testcase classname="parallel.TestRunnerParallelExecutionTestNG" name="runScenario" time="31.392"/>
  <testcase classname="parallel.TestRunnerParallelExecutionTestNG" name="runScenario" time="40.885"/>
  <testcase classname="parallel.TestRunnerParallelExecutionTestNG" name="runScenario" time="37.100"/>
  <testcase classname="parallel.TestRunnerParallelExecutionTestNG" name="runScenario" time="38.098"/>
  <testcase classname="parallel.TestRunnerParallelExecutionTestNG" name="runScenario" time="36.050"/>
</testsuite> <!-- parallel.TestRunnerParallelExecutionTestNG -->
