<?xml version="1.0" encoding="UTF-8"?>
<!-- Generated by org.testng.reporters.JUnitReportReporter -->
<testsuite hostname="LIN65001029" failures="0" tests="6" name="parallel.RunCucumberTest" time="319.699" errors="0" timestamp="27 Dec 2020 11:43:06 GMT" skipped="0">
  <testcase classname="parallel.RunCucumberTest" name="runScenario" time="39.680"/>
  <testcase classname="parallel.RunCucumberTest" name="runScenario" time="50.032"/>
  <testcase classname="parallel.RunCucumberTest" name="runScenario" time="35.601"/>
  <testcase classname="parallel.RunCucumberTest" name="runScenario" time="49.787"/>
  <testcase classname="parallel.RunCucumberTest" name="runScenario" time="50.105"/>
  <testcase classname="parallel.RunCucumberTest" name="runScenario" time="94.494"/>
</testsuite> <!-- parallel.RunCucumberTest -->
