<?xml version="1.0" encoding="UTF-8"?>
<!-- Generated by org.testng.reporters.JUnitReportReporter -->
<testsuite hostname="LIN65001029" failures="0" tests="6" name="parallel.RunCucumberTest" time="126.684" errors="0" timestamp="20 Jan 2021 04:51:23 GMT" skipped="0">
  <testcase classname="parallel.RunCucumberTest" name="runScenario" time="18.221"/>
  <testcase classname="parallel.RunCucumberTest" name="runScenario" time="23.515"/>
  <testcase classname="parallel.RunCucumberTest" name="runScenario" time="17.261"/>
  <testcase classname="parallel.RunCucumberTest" name="runScenario" time="24.584"/>
  <testcase classname="parallel.RunCucumberTest" name="runScenario" time="17.815"/>
  <testcase classname="parallel.RunCucumberTest" name="runScenario" time="25.288"/>
</testsuite> <!-- parallel.RunCucumberTest -->
